<?xml version="1.0" encoding="UTF-8"?>
<!-- Generated by org.testng.reporters.JUnitXMLReporter -->
<testsuite hostname="DESKTOP-FS7AD53" ignored="1" name="Default test" tests="1" failures="0" timestamp="18 Jul 2018 02:40:33 GMT" time="106.117" errors="0">
  <testcase name="iAuditSampleScheduleRequestEnrollment" time="99.332" classname="TestCases.SampleTest"/>
  <testcase name="a" time="0.0" classname="TestCases.SampleTest">
    <ignored/>
  </testcase> <!-- a -->
</testsuite> <!-- Default test -->
