<?xml version="1.0" encoding="UTF-8"?>
<testng-results skipped="0" failed="0" ignored="0" total="1" passed="1">
  <reporter-output>
  </reporter-output>
  <suite name="Default suite" duration-ms="37737" started-at="2018-07-22T14:48:26Z" finished-at="2018-07-22T14:49:04Z">
    <groups>
    </groups>
    <test name="Default test" duration-ms="37737" started-at="2018-07-22T14:48:26Z" finished-at="2018-07-22T14:49:04Z">
      <class name="TestCases.SampleTest">
        <test-method status="PASS" signature="beforesuite()[pri:0, instance:TestCases.SampleTest@7b49cea0]" name="beforesuite" is-config="true" duration-ms="185" started-at="2018-07-22T14:48:26Z" finished-at="2018-07-22T14:48:26Z">
          <reporter-output>
          </reporter-output>
        </test-method> <!-- beforesuite -->
        <test-method status="PASS" signature="beforeTest()[pri:0, instance:TestCases.SampleTest@7b49cea0]" name="beforeTest" is-config="true" duration-ms="0" started-at="2018-07-22T14:48:26Z" finished-at="2018-07-22T14:48:26Z">
          <reporter-output>
          </reporter-output>
        </test-method> <!-- beforeTest -->
        <test-method status="PASS" signature="beforeClass()[pri:0, instance:TestCases.SampleTest@7b49cea0]" name="beforeClass" is-config="true" duration-ms="0" started-at="2018-07-22T14:48:27Z" finished-at="2018-07-22T14:48:27Z">
          <reporter-output>
          </reporter-output>
        </test-method> <!-- beforeClass -->
        <test-method status="PASS" signature="beforeMethod(java.lang.reflect.Method)[pri:0, instance:TestCases.SampleTest@7b49cea0]" name="beforeMethod" is-config="true" duration-ms="5537" started-at="2018-07-22T14:48:27Z" finished-at="2018-07-22T14:48:32Z">
          <params>
            <param index="0">
              <value>
                <![CDATA[public void TestCases.SampleTest.iAuditSampleScheduleRequestEnrollment() throws java.lang.Exception]]>
              </value>
            </param>
          </params>
          <reporter-output>
          </reporter-output>
        </test-method> <!-- beforeMethod -->
        <test-method status="PASS" signature="iAuditSampleScheduleRequestEnrollment()[pri:0, instance:TestCases.SampleTest@7b49cea0]" name="iAuditSampleScheduleRequestEnrollment" duration-ms="31810" started-at="2018-07-22T14:48:32Z" finished-at="2018-07-22T14:49:04Z">
          <reporter-output>
          </reporter-output>
        </test-method> <!-- iAuditSampleScheduleRequestEnrollment -->
        <test-method status="PASS" signature="afterMethod(java.lang.reflect.Method)[pri:0, instance:TestCases.SampleTest@7b49cea0]" name="afterMethod" is-config="true" duration-ms="357" started-at="2018-07-22T14:49:04Z" finished-at="2018-07-22T14:49:04Z">
          <params>
            <param index="0">
              <value>
                <![CDATA[public void TestCases.SampleTest.iAuditSampleScheduleRequestEnrollment() throws java.lang.Exception]]>
              </value>
            </param>
          </params>
          <reporter-output>
          </reporter-output>
        </test-method> <!-- afterMethod -->
        <test-method status="PASS" signature="afterClass()[pri:0, instance:TestCases.SampleTest@7b49cea0]" name="afterClass" is-config="true" duration-ms="1" started-at="2018-07-22T14:49:04Z" finished-at="2018-07-22T14:49:04Z">
          <reporter-output>
          </reporter-output>
        </test-method> <!-- afterClass -->
        <test-method status="PASS" signature="afterTest()[pri:0, instance:TestCases.SampleTest@7b49cea0]" name="afterTest" is-config="true" duration-ms="0" started-at="2018-07-22T14:49:04Z" finished-at="2018-07-22T14:49:04Z">
          <reporter-output>
          </reporter-output>
        </test-method> <!-- afterTest -->
      </class> <!-- TestCases.SampleTest -->
    </test> <!-- Default test -->
  </suite> <!-- Default suite -->
</testng-results>
