<?xml version="1.0" encoding="UTF-8"?>
<testng-results skipped="0" failed="0" ignored="0" total="1" passed="1">
  <reporter-output>
  </reporter-output>
  <suite name="Default suite" duration-ms="69222" started-at="2018-07-22T15:56:10Z" finished-at="2018-07-22T15:57:19Z">
    <groups>
    </groups>
    <test name="Default test" duration-ms="69222" started-at="2018-07-22T15:56:10Z" finished-at="2018-07-22T15:57:19Z">
      <class name="TestCases.SampleTest">
        <test-method status="PASS" signature="beforesuite()[pri:0, instance:TestCases.SampleTest@1623b78d]" name="beforesuite" is-config="true" duration-ms="399" started-at="2018-07-22T15:56:10Z" finished-at="2018-07-22T15:56:10Z">
          <reporter-output>
          </reporter-output>
        </test-method> <!-- beforesuite -->
        <test-method status="PASS" signature="beforeTest()[pri:0, instance:TestCases.SampleTest@1623b78d]" name="beforeTest" is-config="true" duration-ms="0" started-at="2018-07-22T15:56:10Z" finished-at="2018-07-22T15:56:10Z">
          <reporter-output>
          </reporter-output>
        </test-method> <!-- beforeTest -->
        <test-method status="PASS" signature="beforeClass()[pri:0, instance:TestCases.SampleTest@1623b78d]" name="beforeClass" is-config="true" duration-ms="0" started-at="2018-07-22T15:56:10Z" finished-at="2018-07-22T15:56:10Z">
          <reporter-output>
          </reporter-output>
        </test-method> <!-- beforeClass -->
        <test-method status="PASS" signature="beforeMethod(java.lang.reflect.Method)[pri:0, instance:TestCases.SampleTest@1623b78d]" name="beforeMethod" is-config="true" duration-ms="5835" started-at="2018-07-22T15:56:10Z" finished-at="2018-07-22T15:56:16Z">
          <params>
            <param index="0">
              <value>
                <![CDATA[public void TestCases.SampleTest.iAuditSampleScheduleRequestEnrollment() throws java.lang.Exception]]>
              </value>
            </param>
          </params>
          <reporter-output>
          </reporter-output>
        </test-method> <!-- beforeMethod -->
        <test-method status="PASS" signature="iAuditSampleScheduleRequestEnrollment()[pri:0, instance:TestCases.SampleTest@1623b78d]" name="iAuditSampleScheduleRequestEnrollment" duration-ms="62918" started-at="2018-07-22T15:56:16Z" finished-at="2018-07-22T15:57:19Z">
          <reporter-output>
          </reporter-output>
        </test-method> <!-- iAuditSampleScheduleRequestEnrollment -->
        <test-method status="PASS" signature="afterMethod(java.lang.reflect.Method)[pri:0, instance:TestCases.SampleTest@1623b78d]" name="afterMethod" is-config="true" duration-ms="437" started-at="2018-07-22T15:57:19Z" finished-at="2018-07-22T15:57:19Z">
          <params>
            <param index="0">
              <value>
                <![CDATA[public void TestCases.SampleTest.iAuditSampleScheduleRequestEnrollment() throws java.lang.Exception]]>
              </value>
            </param>
          </params>
          <reporter-output>
          </reporter-output>
        </test-method> <!-- afterMethod -->
        <test-method status="PASS" signature="afterClass()[pri:0, instance:TestCases.SampleTest@1623b78d]" name="afterClass" is-config="true" duration-ms="0" started-at="2018-07-22T15:57:19Z" finished-at="2018-07-22T15:57:19Z">
          <reporter-output>
          </reporter-output>
        </test-method> <!-- afterClass -->
        <test-method status="PASS" signature="afterTest()[pri:0, instance:TestCases.SampleTest@1623b78d]" name="afterTest" is-config="true" duration-ms="0" started-at="2018-07-22T15:57:19Z" finished-at="2018-07-22T15:57:19Z">
          <reporter-output>
          </reporter-output>
        </test-method> <!-- afterTest -->
      </class> <!-- TestCases.SampleTest -->
    </test> <!-- Default test -->
  </suite> <!-- Default suite -->
</testng-results>
